<?xml version="1.0" encoding="UTF-8"?>
<!-- Generated by org.testng.reporters.JUnitXMLReporter -->
<testsuite hostname="Apurva" ignored="3" name="Default test(failed)" tests="1" failures="0" timestamp="13 Feb 2019 19:31:12 GMT" time="0.069" errors="0">
  <testcase name="test4" time="0.027" classname="way2smstestng1.Sample2"/>
  <testcase name="test3" time="0.0" classname="way2smstestng1.Sample2">
    <ignored/>
  </testcase> <!-- test3 -->
  <testcase name="test2" time="0.0" classname="way2smstestng1.Sample2">
    <ignored/>
  </testcase> <!-- test2 -->
  <testcase name="test1" time="0.0" classname="way2smstestng1.Sample2">
    <ignored/>
  </testcase> <!-- test1 -->
</testsuite> <!-- Default test(failed) -->
