<?xml version="1.0" encoding="UTF-8"?>
<!-- Generated by org.testng.reporters.JUnitXMLReporter -->
<testsuite hostname="Apurva" ignored="0" name="Test" tests="5" failures="1" timestamp="14 Feb 2019 15:59:57 GMT" time="0.127" errors="0">
  <testcase name="inner" time="0.024" classname="demoprogram.Program2"/>
  <testcase name="outer" time="0.005" classname="demoprogram.Program2"/>
  <testcase name="login" time="0.009" classname="demoprogram.Program1">
    <failure type="java.lang.AssertionError" message="expected [13] but found [12]">
      <![CDATA[java.lang.AssertionError: expected [13] but found [12]
at demoprogram.Program1.login(Program1.java:14)
... Removed 31 stack frames]]>
    </failure>
  </testcase> <!-- login -->
  <testcase name="action" time="0.0" classname="demoprogram.Program1">
    <skipped/>
  </testcase> <!-- action -->
  <testcase name="logout" time="0.0" classname="demoprogram.Program1">
    <skipped/>
  </testcase> <!-- logout -->
</testsuite> <!-- Test -->
