<?xml version="1.0" encoding="UTF-8"?>
<!-- Generated by org.testng.reporters.JUnitXMLReporter -->
<testsuite hostname="Apurva" ignored="0" name="Test1" tests="3" failures="0" timestamp="17 Dec 2018 17:41:25 GMT" time="13.879" errors="0">
  <testcase name="lauch" time="13.606" classname="way2smstestng1.LoginTestng"/>
  <testcase name="show" time="0.003" classname="way2smstestng1.Sample1"/>
  <testcase name="validateTitle" time="0.246" classname="way2smstestng1.LoginTestng"/>
</testsuite> <!-- Test1 -->
